0 info it worked if it ends with ok
1 verbose cli [ '/usr/bin/node', '/usr/bin/npm', 'run', 'node-ls' ]
2 info using npm@3.5.2
3 info using node@v8.10.0
4 verbose run-script [ 'prenode-ls', 'node-ls', 'postnode-ls' ]
5 info lifecycle backend@1.0.0~prenode-ls: backend@1.0.0
6 silly lifecycle backend@1.0.0~prenode-ls: no script for prenode-ls, continuing
7 info lifecycle backend@1.0.0~node-ls: backend@1.0.0
8 verbose lifecycle backend@1.0.0~node-ls: unsafe-perm in lifecycle true
9 verbose lifecycle backend@1.0.0~node-ls: PATH: /usr/share/npm/bin/node-gyp-bin:/home/cmcnally/Repos/Smart_Latch/backend/google_vm_esp32/node_modules/.bin:/tools/Xilinx/Vivado/2018.3/bin:/tools/Xilinx/SDK/2018.3/bin:/home/cmcnally/.local/bin:/home/cmcnally/bin:/usr/local/sbin:/usr/local/bin:/usr/sbin:/usr/bin:/sbin:/bin:/usr/games:/usr/local/games:/snap/bin
10 verbose lifecycle backend@1.0.0~node-ls: CWD: /home/cmcnally/Repos/Smart_Latch/backend/google_vm_esp32
11 silly lifecycle backend@1.0.0~node-ls: Args: [ '-c', 'ps -e|grep node' ]
12 silly lifecycle backend@1.0.0~node-ls: Returned: code: 1  signal: null
13 info lifecycle backend@1.0.0~node-ls: Failed to exec node-ls script
14 verbose stack Error: backend@1.0.0 node-ls: `ps -e|grep node`
14 verbose stack Exit status 1
14 verbose stack     at EventEmitter.<anonymous> (/usr/share/npm/lib/utils/lifecycle.js:232:16)
14 verbose stack     at emitTwo (events.js:126:13)
14 verbose stack     at EventEmitter.emit (events.js:214:7)
14 verbose stack     at ChildProcess.<anonymous> (/usr/share/npm/lib/utils/spawn.js:24:14)
14 verbose stack     at emitTwo (events.js:126:13)
14 verbose stack     at ChildProcess.emit (events.js:214:7)
14 verbose stack     at maybeClose (internal/child_process.js:925:16)
14 verbose stack     at Process.ChildProcess._handle.onexit (internal/child_process.js:209:5)
15 verbose pkgid backend@1.0.0
16 verbose cwd /home/cmcnally/Repos/Smart_Latch/backend/google_vm_esp32
17 error Linux 5.4.0-66-generic
18 error argv "/usr/bin/node" "/usr/bin/npm" "run" "node-ls"
19 error node v8.10.0
20 error npm  v3.5.2
21 error code ELIFECYCLE
22 error backend@1.0.0 node-ls: `ps -e|grep node`
22 error Exit status 1
23 error Failed at the backend@1.0.0 node-ls script 'ps -e|grep node'.
23 error Make sure you have the latest version of node.js and npm installed.
23 error If you do, this is most likely a problem with the backend package,
23 error not with npm itself.
23 error Tell the author that this fails on your system:
23 error     ps -e|grep node
23 error You can get information on how to open an issue for this project with:
23 error     npm bugs backend
23 error Or if that isn't available, you can get their info via:
23 error     npm owner ls backend
23 error There is likely additional logging output above.
24 verbose exit [ 1, true ]
